<?xml version="1.0" encoding="UTF-8"?>
<!-- Generated by org.testng.reporters.JUnitXMLReporter -->
<testsuite hostname="Rahman_PC" name="Default test" tests="4" failures="0" timestamp="7 Jan 2016 21:29:46 GMT" time="204.323" errors="0">
  <testcase name="Homepage" time="2.975" classname="Test.ebfstest"/>
  <testcase name="CreateAccount" time="13.26" classname="Test.ebfstest"/>
  <testcase name="ExistingAccount" time="10.264" classname="Test.ebfstest"/>
  <testcase name="NewAccount" time="23.457" classname="Test.ebfstest"/>
</testsuite> <!-- Default test -->
