<?xml version="1.0" encoding="UTF-8"?>
<!-- Generated by org.testng.reporters.JUnitXMLReporter -->
<testsuite hostname="Rahman_PC" name="Default test" tests="4" failures="0" timestamp="17 Jan 2016 01:23:58 GMT" time="210.327" errors="0">
  <testcase name="Homepage" time="6.171" classname="Test.ebfstest"/>
  <testcase name="CreateAccount" time="8.939" classname="Test.ebfstest"/>
  <testcase name="ExistingAccount" time="11.146" classname="Test.ebfstest"/>
  <testcase name="NewAccount" time="19.897" classname="Test.ebfstest"/>
</testsuite> <!-- Default test -->
