<?xml version="1.0" encoding="UTF-8"?>
<testng-results skipped="0" failed="0" total="4" passed="4">
  <reporter-output>
  </reporter-output>
  <suite name="Default suite" duration-ms="204323" started-at="2016-01-07T21:26:21Z" finished-at="2016-01-07T21:29:46Z">
    <groups>
    </groups>
    <test name="Default test" duration-ms="204323" started-at="2016-01-07T21:26:21Z" finished-at="2016-01-07T21:29:46Z">
      <class name="Test.ebfstest">
        <test-method status="PASS" signature="browser()[pri:0, instance:Test.ebfstest@3cb5cdba]" name="browser" is-config="true" duration-ms="43067" started-at="2016-01-07T16:26:21Z" finished-at="2016-01-07T16:27:05Z">
          <reporter-output>
          </reporter-output>
        </test-method> <!-- browser -->
        <test-method status="PASS" signature="Homepage()[pri:0, instance:Test.ebfstest@3cb5cdba]" name="Homepage" duration-ms="2975" started-at="2016-01-07T16:27:05Z" finished-at="2016-01-07T16:27:08Z">
          <reporter-output>
          </reporter-output>
        </test-method> <!-- Homepage -->
        <test-method status="PASS" signature="teardown()[pri:0, instance:Test.ebfstest@3cb5cdba]" name="teardown" is-config="true" duration-ms="9029" started-at="2016-01-07T16:27:08Z" finished-at="2016-01-07T16:27:17Z">
          <reporter-output>
          </reporter-output>
        </test-method> <!-- teardown -->
        <test-method status="PASS" signature="browser()[pri:0, instance:Test.ebfstest@3cb5cdba]" name="browser" is-config="true" duration-ms="30623" started-at="2016-01-07T16:27:17Z" finished-at="2016-01-07T16:27:47Z">
          <reporter-output>
          </reporter-output>
        </test-method> <!-- browser -->
        <test-method status="PASS" signature="CreateAccount()[pri:0, instance:Test.ebfstest@3cb5cdba]" name="CreateAccount" duration-ms="13260" started-at="2016-01-07T16:27:47Z" finished-at="2016-01-07T16:28:00Z">
          <reporter-output>
          </reporter-output>
        </test-method> <!-- CreateAccount -->
        <test-method status="PASS" signature="teardown()[pri:0, instance:Test.ebfstest@3cb5cdba]" name="teardown" is-config="true" duration-ms="1301" started-at="2016-01-07T16:28:00Z" finished-at="2016-01-07T16:28:02Z">
          <reporter-output>
          </reporter-output>
        </test-method> <!-- teardown -->
        <test-method status="PASS" signature="browser()[pri:0, instance:Test.ebfstest@3cb5cdba]" name="browser" is-config="true" duration-ms="27155" started-at="2016-01-07T16:28:02Z" finished-at="2016-01-07T16:28:29Z">
          <reporter-output>
          </reporter-output>
        </test-method> <!-- browser -->
        <test-method status="PASS" signature="ExistingAccount()[pri:0, instance:Test.ebfstest@3cb5cdba]" name="ExistingAccount" duration-ms="10264" started-at="2016-01-07T16:28:29Z" finished-at="2016-01-07T16:28:39Z">
          <reporter-output>
          </reporter-output>
        </test-method> <!-- ExistingAccount -->
        <test-method status="PASS" signature="teardown()[pri:0, instance:Test.ebfstest@3cb5cdba]" name="teardown" is-config="true" duration-ms="2879" started-at="2016-01-07T16:28:39Z" finished-at="2016-01-07T16:28:42Z">
          <reporter-output>
          </reporter-output>
        </test-method> <!-- teardown -->
        <test-method status="PASS" signature="browser()[pri:0, instance:Test.ebfstest@3cb5cdba]" name="browser" is-config="true" duration-ms="38215" started-at="2016-01-07T16:28:42Z" finished-at="2016-01-07T16:29:20Z">
          <reporter-output>
          </reporter-output>
        </test-method> <!-- browser -->
        <test-method status="PASS" signature="NewAccount()[pri:0, instance:Test.ebfstest@3cb5cdba]" name="NewAccount" duration-ms="23457" started-at="2016-01-07T16:29:20Z" finished-at="2016-01-07T16:29:44Z">
          <reporter-output>
          </reporter-output>
        </test-method> <!-- NewAccount -->
        <test-method status="PASS" signature="teardown()[pri:0, instance:Test.ebfstest@3cb5cdba]" name="teardown" is-config="true" duration-ms="1999" started-at="2016-01-07T16:29:44Z" finished-at="2016-01-07T16:29:46Z">
          <reporter-output>
          </reporter-output>
        </test-method> <!-- teardown -->
      </class> <!-- Test.ebfstest -->
    </test> <!-- Default test -->
  </suite> <!-- Default suite -->
</testng-results>
